<?xml version="1.0" encoding="UTF-8"?>
<coverage generated="1571539848">
  <project timestamp="1571539848">
    <package name="App">
      <file name="/Users/waleayandiran/Desktop/Ddrive/Rating/app/CreateRating.php">
        <class name="App\CreateRating" namespace="App">
          <metrics complexity="9" methods="2" coveredmethods="2" conditionals="0" coveredconditionals="0" statements="9" coveredstatements="9" elements="11" coveredelements="11"/>
        </class>
        <line num="11" type="method" name="__construct" complexity="1" crap="1" count="8"/>
        <line num="13" type="stmt" count="8"/>
        <line num="14" type="stmt" count="8"/>
        <line num="16" type="method" name="index" visibility="public" complexity="8" crap="8" count="7"/>
        <line num="17" type="stmt" count="7"/>
        <line num="18" type="stmt" count="2"/>
        <line num="19" type="stmt" count="5"/>
        <line num="20" type="stmt" count="1"/>
        <line num="22" type="stmt" count="4"/>
        <line num="23" type="stmt" count="1"/>
        <line num="24" type="stmt" count="3"/>
        <metrics loc="25" ncloc="25" classes="1" methods="2" coveredmethods="2" conditionals="0" coveredconditionals="0" statements="9" coveredstatements="9" elements="11" coveredelements="11"/>
      </file>
    </package>
    <file name="/Users/waleayandiran/Desktop/Ddrive/Rating/app/Interfaces/Rating.php">
      <metrics loc="6" ncloc="6" classes="0" methods="0" coveredmethods="0" conditionals="0" coveredconditionals="0" statements="0" coveredstatements="0" elements="0" coveredelements="0"/>
    </file>
    <package name="App\Strategies">
      <file name="/Users/waleayandiran/Desktop/Ddrive/Rating/app/Strategies/NumericRating.php">
        <class name="App\Strategies\NumericRating" namespace="App\Strategies">
          <metrics complexity="13" methods="3" coveredmethods="1" conditionals="0" coveredconditionals="0" statements="23" coveredstatements="19" elements="26" coveredelements="20"/>
        </class>
        <line num="11" type="method" name="__construct" complexity="3" crap="3" count="9"/>
        <line num="13" type="stmt" count="9"/>
        <line num="14" type="stmt" count="1"/>
        <line num="15" type="stmt" count="1"/>
        <line num="17" type="stmt" count="9"/>
        <line num="18" type="stmt" count="9"/>
        <line num="19" type="stmt" count="9"/>
        <line num="21" type="method" name="rate" complexity="4" crap="4.13" count="3"/>
        <line num="24" type="stmt" count="3"/>
        <line num="25" type="stmt" count="2"/>
        <line num="27" type="stmt" count="2"/>
        <line num="28" type="stmt" count="2"/>
        <line num="29" type="stmt" count="0"/>
        <line num="33" type="method" name="getAverage" complexity="6" crap="6.56" count="2"/>
        <line num="36" type="stmt" count="2"/>
        <line num="37" type="stmt" count="2"/>
        <line num="38" type="stmt" count="2"/>
        <line num="39" type="stmt" count="0"/>
        <line num="41" type="stmt" count="2"/>
        <line num="42" type="stmt" count="2"/>
        <line num="43" type="stmt" count="2"/>
        <line num="44" type="stmt" count="2"/>
        <line num="45" type="stmt" count="2"/>
        <line num="48" type="stmt" count="2"/>
        <line num="50" type="stmt" count="0"/>
        <line num="51" type="stmt" count="0"/>
        <metrics loc="55" ncloc="55" classes="1" methods="3" coveredmethods="1" conditionals="0" coveredconditionals="0" statements="23" coveredstatements="19" elements="26" coveredelements="20"/>
      </file>
      <file name="/Users/waleayandiran/Desktop/Ddrive/Rating/app/Strategies/VoteRating.php">
        <class name="App\Strategies\VoteRating" namespace="App\Strategies">
          <metrics complexity="10" methods="2" coveredmethods="0" conditionals="0" coveredconditionals="0" statements="15" coveredstatements="12" elements="17" coveredelements="12"/>
        </class>
        <line num="8" type="method" name="rate" complexity="6" crap="6.05" count="1"/>
        <line num="12" type="stmt" count="1"/>
        <line num="13" type="stmt" count="1"/>
        <line num="14" type="stmt" count="1"/>
        <line num="17" type="stmt" count="1"/>
        <line num="18" type="stmt" count="1"/>
        <line num="19" type="stmt" count="1"/>
        <line num="23" type="stmt" count="1"/>
        <line num="27" type="stmt" count="1"/>
        <line num="28" type="stmt" count="0"/>
        <line num="32" type="method" name="getAverage" complexity="4" crap="4.59" count="1"/>
        <line num="35" type="stmt" count="1"/>
        <line num="36" type="stmt" count="1"/>
        <line num="37" type="stmt" count="1"/>
        <line num="39" type="stmt" count="1"/>
        <line num="40" type="stmt" count="0"/>
        <line num="41" type="stmt" count="0"/>
        <metrics loc="46" ncloc="46" classes="1" methods="2" coveredmethods="0" conditionals="0" coveredconditionals="0" statements="15" coveredstatements="12" elements="17" coveredelements="12"/>
      </file>
    </package>
    <metrics files="4" loc="132" ncloc="132" classes="3" methods="7" coveredmethods="3" conditionals="0" coveredconditionals="0" statements="47" coveredstatements="40" elements="54" coveredelements="43"/>
  </project>
</coverage>
